2023-07-03T00:10:12.563+03:00  WARN 15951 --- [HikariPool-1 housekeeper] com.zaxxer.hikari.pool.HikariPool        : HikariPool-1 - Thread starvation or clock leap detected (housekeeper delta=6m43s172ms).
2023-07-03T00:30:29.751+03:00 DEBUG 15951 --- [http-nio-3333-exec-6] o.s.web.servlet.DispatcherServlet        : GET "/todo/api/v1/list", parameters={}
2023-07-03T00:30:29.802+03:00 DEBUG 15951 --- [http-nio-3333-exec-6] s.w.s.m.m.a.RequestMappingHandlerMapping : Mapped to TechCareerFYV.controller.api.impl.ToDoApiImpl#todoServiceList()
2023-07-03T00:30:30.764+03:00 DEBUG 15951 --- [http-nio-3333-exec-6] o.s.w.s.m.m.a.HttpEntityMethodProcessor  : Using 'application/json', given [*/*] and supported [application/json, application/*+json]
2023-07-03T00:30:30.769+03:00 DEBUG 15951 --- [http-nio-3333-exec-6] o.s.w.s.m.m.a.HttpEntityMethodProcessor  : Writing [[ToDoDto(header=header 03cd7be2-bca2-4969-a117-2fbe902875c6, content=content 57bdad0a-80c8-4d01-981c (truncated)...]
2023-07-03T00:30:30.817+03:00 DEBUG 15951 --- [http-nio-3333-exec-6] o.s.web.servlet.DispatcherServlet        : Completed 200 OK
2023-07-03T01:22:46.496+03:00 DEBUG 15951 --- [http-nio-3333-exec-7] o.s.web.servlet.DispatcherServlet        : GET "/todo/api/v1/list", parameters={}
2023-07-03T01:22:46.522+03:00 DEBUG 15951 --- [http-nio-3333-exec-7] s.w.s.m.m.a.RequestMappingHandlerMapping : Mapped to TechCareerFYV.controller.api.impl.ToDoApiImpl#todoServiceList()
2023-07-03T01:22:46.632+03:00 DEBUG 15951 --- [http-nio-3333-exec-7] o.s.w.s.m.m.a.HttpEntityMethodProcessor  : Using 'application/json', given [application/json, text/plain, */*] and supported [application/json, application/*+json]
2023-07-03T01:22:46.633+03:00 DEBUG 15951 --- [http-nio-3333-exec-7] o.s.w.s.m.m.a.HttpEntityMethodProcessor  : Writing [[ToDoDto(header=header 03cd7be2-bca2-4969-a117-2fbe902875c6, content=content 57bdad0a-80c8-4d01-981c (truncated)...]
2023-07-03T01:22:46.644+03:00 DEBUG 15951 --- [http-nio-3333-exec-7] o.s.web.servlet.DispatcherServlet        : Completed 200 OK
2023-07-03T01:29:13.763+03:00 DEBUG 15951 --- [http-nio-3333-exec-2] o.s.web.servlet.DispatcherServlet        : GET "/todo/api/v1/list", parameters={}
2023-07-03T01:29:13.775+03:00 DEBUG 15951 --- [http-nio-3333-exec-2] s.w.s.m.m.a.RequestMappingHandlerMapping : Mapped to TechCareerFYV.controller.api.impl.ToDoApiImpl#todoServiceList()
2023-07-03T01:29:13.820+03:00 DEBUG 15951 --- [http-nio-3333-exec-2] o.s.w.s.m.m.a.HttpEntityMethodProcessor  : Using 'application/json', given [application/json, text/plain, */*] and supported [application/json, application/*+json]
2023-07-03T01:29:13.821+03:00 DEBUG 15951 --- [http-nio-3333-exec-2] o.s.w.s.m.m.a.HttpEntityMethodProcessor  : Writing [[ToDoDto(header=header 03cd7be2-bca2-4969-a117-2fbe902875c6, content=content 57bdad0a-80c8-4d01-981c (truncated)...]
2023-07-03T01:29:13.825+03:00 DEBUG 15951 --- [http-nio-3333-exec-2] o.s.web.servlet.DispatcherServlet        : Completed 200 OK
2023-07-03T01:29:18.648+03:00 DEBUG 15951 --- [http-nio-3333-exec-5] o.s.web.servlet.DispatcherServlet        : GET "/todo/api/v1/list", parameters={}
2023-07-03T01:29:18.650+03:00 DEBUG 15951 --- [http-nio-3333-exec-5] s.w.s.m.m.a.RequestMappingHandlerMapping : Mapped to TechCareerFYV.controller.api.impl.ToDoApiImpl#todoServiceList()
2023-07-03T01:29:18.674+03:00 DEBUG 15951 --- [http-nio-3333-exec-5] o.s.w.s.m.m.a.HttpEntityMethodProcessor  : Using 'application/json', given [application/json, text/plain, */*] and supported [application/json, application/*+json]
2023-07-03T01:29:18.675+03:00 DEBUG 15951 --- [http-nio-3333-exec-5] o.s.w.s.m.m.a.HttpEntityMethodProcessor  : Writing [[ToDoDto(header=header 03cd7be2-bca2-4969-a117-2fbe902875c6, content=content 57bdad0a-80c8-4d01-981c (truncated)...]
2023-07-03T01:29:18.677+03:00 DEBUG 15951 --- [http-nio-3333-exec-5] o.s.web.servlet.DispatcherServlet        : Completed 200 OK
2023-07-03T01:34:35.508+03:00 DEBUG 15951 --- [http-nio-3333-exec-9] o.s.web.servlet.DispatcherServlet        : GET "/todo/api/v1/list", parameters={}
2023-07-03T01:34:35.520+03:00 DEBUG 15951 --- [http-nio-3333-exec-9] s.w.s.m.m.a.RequestMappingHandlerMapping : Mapped to TechCareerFYV.controller.api.impl.ToDoApiImpl#todoServiceList()
2023-07-03T01:34:35.580+03:00 DEBUG 15951 --- [http-nio-3333-exec-9] o.s.w.s.m.m.a.HttpEntityMethodProcessor  : Using 'application/json', given [application/json, text/plain, */*] and supported [application/json, application/*+json]
2023-07-03T01:34:35.582+03:00 DEBUG 15951 --- [http-nio-3333-exec-9] o.s.w.s.m.m.a.HttpEntityMethodProcessor  : Writing [[ToDoDto(header=header 03cd7be2-bca2-4969-a117-2fbe902875c6, content=content 57bdad0a-80c8-4d01-981c (truncated)...]
2023-07-03T01:34:35.592+03:00 DEBUG 15951 --- [http-nio-3333-exec-9] o.s.web.servlet.DispatcherServlet        : Completed 200 OK
2023-07-03T01:37:10.674+03:00 DEBUG 15951 --- [http-nio-3333-exec-1] o.s.web.servlet.DispatcherServlet        : GET "/todo/api/v1/list", parameters={}
2023-07-03T01:37:10.681+03:00 DEBUG 15951 --- [http-nio-3333-exec-1] s.w.s.m.m.a.RequestMappingHandlerMapping : Mapped to TechCareerFYV.controller.api.impl.ToDoApiImpl#todoServiceList()
2023-07-03T01:37:10.721+03:00 DEBUG 15951 --- [http-nio-3333-exec-1] o.s.w.s.m.m.a.HttpEntityMethodProcessor  : Using 'application/json', given [application/json, text/plain, */*] and supported [application/json, application/*+json]
2023-07-03T01:37:10.722+03:00 DEBUG 15951 --- [http-nio-3333-exec-1] o.s.w.s.m.m.a.HttpEntityMethodProcessor  : Writing [[ToDoDto(header=header 03cd7be2-bca2-4969-a117-2fbe902875c6, content=content 57bdad0a-80c8-4d01-981c (truncated)...]
2023-07-03T01:37:10.729+03:00 DEBUG 15951 --- [http-nio-3333-exec-1] o.s.web.servlet.DispatcherServlet        : Completed 200 OK
2023-07-03T01:37:31.272+03:00 DEBUG 15951 --- [http-nio-3333-exec-8] o.s.web.servlet.DispatcherServlet        : GET "/todo/api/v1/list", parameters={}
2023-07-03T01:37:31.276+03:00 DEBUG 15951 --- [http-nio-3333-exec-8] s.w.s.m.m.a.RequestMappingHandlerMapping : Mapped to TechCareerFYV.controller.api.impl.ToDoApiImpl#todoServiceList()
2023-07-03T01:37:31.296+03:00 DEBUG 15951 --- [http-nio-3333-exec-8] o.s.w.s.m.m.a.HttpEntityMethodProcessor  : Using 'application/json', given [application/json, text/plain, */*] and supported [application/json, application/*+json]
2023-07-03T01:37:31.297+03:00 DEBUG 15951 --- [http-nio-3333-exec-8] o.s.w.s.m.m.a.HttpEntityMethodProcessor  : Writing [[ToDoDto(header=header 03cd7be2-bca2-4969-a117-2fbe902875c6, content=content 57bdad0a-80c8-4d01-981c (truncated)...]
2023-07-03T01:37:31.299+03:00 DEBUG 15951 --- [http-nio-3333-exec-8] o.s.web.servlet.DispatcherServlet        : Completed 200 OK
2023-07-03T01:37:34.603+03:00 DEBUG 15951 --- [http-nio-3333-exec-3] o.s.web.servlet.DispatcherServlet        : GET "/todo/api/v1/list", parameters={}
2023-07-03T01:37:34.604+03:00 DEBUG 15951 --- [http-nio-3333-exec-3] s.w.s.m.m.a.RequestMappingHandlerMapping : Mapped to TechCareerFYV.controller.api.impl.ToDoApiImpl#todoServiceList()
2023-07-03T01:37:34.620+03:00 DEBUG 15951 --- [http-nio-3333-exec-3] o.s.w.s.m.m.a.HttpEntityMethodProcessor  : Using 'application/json', given [application/json, text/plain, */*] and supported [application/json, application/*+json]
2023-07-03T01:37:34.621+03:00 DEBUG 15951 --- [http-nio-3333-exec-3] o.s.w.s.m.m.a.HttpEntityMethodProcessor  : Writing [[ToDoDto(header=header 03cd7be2-bca2-4969-a117-2fbe902875c6, content=content 57bdad0a-80c8-4d01-981c (truncated)...]
2023-07-03T01:37:34.622+03:00 DEBUG 15951 --- [http-nio-3333-exec-3] o.s.web.servlet.DispatcherServlet        : Completed 200 OK
2023-07-03T01:39:00.587+03:00 DEBUG 15951 --- [http-nio-3333-exec-4] o.s.web.servlet.DispatcherServlet        : GET "/todo/api/v1/list", parameters={}
2023-07-03T01:39:00.593+03:00 DEBUG 15951 --- [http-nio-3333-exec-4] s.w.s.m.m.a.RequestMappingHandlerMapping : Mapped to TechCareerFYV.controller.api.impl.ToDoApiImpl#todoServiceList()
2023-07-03T01:39:00.628+03:00 DEBUG 15951 --- [http-nio-3333-exec-4] o.s.w.s.m.m.a.HttpEntityMethodProcessor  : Using 'application/json', given [application/json, text/plain, */*] and supported [application/json, application/*+json]
2023-07-03T01:39:00.629+03:00 DEBUG 15951 --- [http-nio-3333-exec-4] o.s.w.s.m.m.a.HttpEntityMethodProcessor  : Writing [[ToDoDto(header=header 03cd7be2-bca2-4969-a117-2fbe902875c6, content=content 57bdad0a-80c8-4d01-981c (truncated)...]
2023-07-03T01:39:00.642+03:00 DEBUG 15951 --- [http-nio-3333-exec-4] o.s.web.servlet.DispatcherServlet        : Completed 200 OK
2023-07-03T01:39:33.288+03:00 DEBUG 15951 --- [http-nio-3333-exec-6] o.s.web.servlet.DispatcherServlet        : GET "/todo/api/v1/list", parameters={}
2023-07-03T01:39:33.295+03:00 DEBUG 15951 --- [http-nio-3333-exec-6] s.w.s.m.m.a.RequestMappingHandlerMapping : Mapped to TechCareerFYV.controller.api.impl.ToDoApiImpl#todoServiceList()
2023-07-03T01:39:33.306+03:00 DEBUG 15951 --- [http-nio-3333-exec-6] o.s.w.s.m.m.a.HttpEntityMethodProcessor  : Using 'application/json', given [application/json, text/plain, */*] and supported [application/json, application/*+json]
2023-07-03T01:39:33.309+03:00 DEBUG 15951 --- [http-nio-3333-exec-6] o.s.w.s.m.m.a.HttpEntityMethodProcessor  : Writing [[ToDoDto(header=header 03cd7be2-bca2-4969-a117-2fbe902875c6, content=content 57bdad0a-80c8-4d01-981c (truncated)...]
2023-07-03T01:39:33.313+03:00 DEBUG 15951 --- [http-nio-3333-exec-6] o.s.web.servlet.DispatcherServlet        : Completed 200 OK
2023-07-03T01:39:52.262+03:00 DEBUG 15951 --- [http-nio-3333-exec-10] o.s.web.servlet.DispatcherServlet        : GET "/todo/api/v1/list", parameters={}
2023-07-03T01:39:52.264+03:00 DEBUG 15951 --- [http-nio-3333-exec-10] s.w.s.m.m.a.RequestMappingHandlerMapping : Mapped to TechCareerFYV.controller.api.impl.ToDoApiImpl#todoServiceList()
2023-07-03T01:39:52.280+03:00 DEBUG 15951 --- [http-nio-3333-exec-10] o.s.w.s.m.m.a.HttpEntityMethodProcessor  : Using 'application/json', given [application/json, text/plain, */*] and supported [application/json, application/*+json]
2023-07-03T01:39:52.281+03:00 DEBUG 15951 --- [http-nio-3333-exec-10] o.s.w.s.m.m.a.HttpEntityMethodProcessor  : Writing [[ToDoDto(header=header 03cd7be2-bca2-4969-a117-2fbe902875c6, content=content 57bdad0a-80c8-4d01-981c (truncated)...]
2023-07-03T01:39:52.283+03:00 DEBUG 15951 --- [http-nio-3333-exec-10] o.s.web.servlet.DispatcherServlet        : Completed 200 OK
2023-07-03T01:40:06.778+03:00 DEBUG 15951 --- [http-nio-3333-exec-7] o.s.web.servlet.DispatcherServlet        : GET "/todo/api/v1/list", parameters={}
2023-07-03T01:40:06.780+03:00 DEBUG 15951 --- [http-nio-3333-exec-7] s.w.s.m.m.a.RequestMappingHandlerMapping : Mapped to TechCareerFYV.controller.api.impl.ToDoApiImpl#todoServiceList()
2023-07-03T01:40:06.854+03:00 DEBUG 15951 --- [http-nio-3333-exec-7] o.s.w.s.m.m.a.HttpEntityMethodProcessor  : Using 'application/json', given [application/json, text/plain, */*] and supported [application/json, application/*+json]
2023-07-03T01:40:06.868+03:00 DEBUG 15951 --- [http-nio-3333-exec-7] o.s.w.s.m.m.a.HttpEntityMethodProcessor  : Writing [[ToDoDto(header=header 03cd7be2-bca2-4969-a117-2fbe902875c6, content=content 57bdad0a-80c8-4d01-981c (truncated)...]
2023-07-03T01:40:06.870+03:00 DEBUG 15951 --- [http-nio-3333-exec-7] o.s.web.servlet.DispatcherServlet        : Completed 200 OK
2023-07-03T01:42:27.971+03:00 DEBUG 15951 --- [http-nio-3333-exec-2] o.s.web.servlet.DispatcherServlet        : GET "/todo/api/v1/list", parameters={}
2023-07-03T01:42:27.977+03:00 DEBUG 15951 --- [http-nio-3333-exec-2] s.w.s.m.m.a.RequestMappingHandlerMapping : Mapped to TechCareerFYV.controller.api.impl.ToDoApiImpl#todoServiceList()
2023-07-03T01:42:28.114+03:00 DEBUG 15951 --- [http-nio-3333-exec-2] o.s.w.s.m.m.a.HttpEntityMethodProcessor  : Using 'application/json', given [application/json, text/plain, */*] and supported [application/json, application/*+json]
2023-07-03T01:42:28.115+03:00 DEBUG 15951 --- [http-nio-3333-exec-2] o.s.w.s.m.m.a.HttpEntityMethodProcessor  : Writing [[ToDoDto(header=header 03cd7be2-bca2-4969-a117-2fbe902875c6, content=content 57bdad0a-80c8-4d01-981c (truncated)...]
2023-07-03T01:42:28.127+03:00 DEBUG 15951 --- [http-nio-3333-exec-2] o.s.web.servlet.DispatcherServlet        : Completed 200 OK
2023-07-03T01:42:46.935+03:00 DEBUG 15951 --- [http-nio-3333-exec-5] o.s.web.servlet.DispatcherServlet        : GET "/todo/api/v1/list", parameters={}
2023-07-03T01:42:46.937+03:00 DEBUG 15951 --- [http-nio-3333-exec-5] s.w.s.m.m.a.RequestMappingHandlerMapping : Mapped to TechCareerFYV.controller.api.impl.ToDoApiImpl#todoServiceList()
2023-07-03T01:42:46.958+03:00 DEBUG 15951 --- [http-nio-3333-exec-5] o.s.w.s.m.m.a.HttpEntityMethodProcessor  : Using 'application/json', given [application/json, text/plain, */*] and supported [application/json, application/*+json]
2023-07-03T01:42:46.958+03:00 DEBUG 15951 --- [http-nio-3333-exec-5] o.s.w.s.m.m.a.HttpEntityMethodProcessor  : Writing [[ToDoDto(header=header 03cd7be2-bca2-4969-a117-2fbe902875c6, content=content 57bdad0a-80c8-4d01-981c (truncated)...]
2023-07-03T01:42:46.959+03:00 DEBUG 15951 --- [http-nio-3333-exec-5] o.s.web.servlet.DispatcherServlet        : Completed 200 OK
2023-07-03T01:44:03.166+03:00 DEBUG 15951 --- [http-nio-3333-exec-9] o.s.web.servlet.DispatcherServlet        : GET "/todo/api/v1/list", parameters={}
2023-07-03T01:44:03.172+03:00 DEBUG 15951 --- [http-nio-3333-exec-9] s.w.s.m.m.a.RequestMappingHandlerMapping : Mapped to TechCareerFYV.controller.api.impl.ToDoApiImpl#todoServiceList()
2023-07-03T01:44:03.214+03:00 DEBUG 15951 --- [http-nio-3333-exec-9] o.s.w.s.m.m.a.HttpEntityMethodProcessor  : Using 'application/json', given [application/json, text/plain, */*] and supported [application/json, application/*+json]
2023-07-03T01:44:03.216+03:00 DEBUG 15951 --- [http-nio-3333-exec-9] o.s.w.s.m.m.a.HttpEntityMethodProcessor  : Writing [[ToDoDto(header=header 03cd7be2-bca2-4969-a117-2fbe902875c6, content=content 57bdad0a-80c8-4d01-981c (truncated)...]
2023-07-03T01:44:03.220+03:00 DEBUG 15951 --- [http-nio-3333-exec-9] o.s.web.servlet.DispatcherServlet        : Completed 200 OK
2023-07-03T01:46:29.518+03:00 DEBUG 15951 --- [http-nio-3333-exec-1] o.s.web.servlet.DispatcherServlet        : GET "/todo/api/v1/list", parameters={}
2023-07-03T01:46:29.524+03:00 DEBUG 15951 --- [http-nio-3333-exec-1] s.w.s.m.m.a.RequestMappingHandlerMapping : Mapped to TechCareerFYV.controller.api.impl.ToDoApiImpl#todoServiceList()
2023-07-03T01:46:29.563+03:00 DEBUG 15951 --- [http-nio-3333-exec-1] o.s.w.s.m.m.a.HttpEntityMethodProcessor  : Using 'application/json', given [application/json, text/plain, */*] and supported [application/json, application/*+json]
2023-07-03T01:46:29.564+03:00 DEBUG 15951 --- [http-nio-3333-exec-1] o.s.w.s.m.m.a.HttpEntityMethodProcessor  : Writing [[ToDoDto(header=header 03cd7be2-bca2-4969-a117-2fbe902875c6, content=content 57bdad0a-80c8-4d01-981c (truncated)...]
2023-07-03T01:46:29.570+03:00 DEBUG 15951 --- [http-nio-3333-exec-1] o.s.web.servlet.DispatcherServlet        : Completed 200 OK
2023-07-03T01:46:40.075+03:00 DEBUG 15951 --- [http-nio-3333-exec-8] o.s.web.servlet.DispatcherServlet        : GET "/todo/api/v1/list", parameters={}
2023-07-03T01:46:40.076+03:00 DEBUG 15951 --- [http-nio-3333-exec-8] s.w.s.m.m.a.RequestMappingHandlerMapping : Mapped to TechCareerFYV.controller.api.impl.ToDoApiImpl#todoServiceList()
2023-07-03T01:46:40.087+03:00 DEBUG 15951 --- [http-nio-3333-exec-8] o.s.w.s.m.m.a.HttpEntityMethodProcessor  : Using 'application/json', given [application/json, text/plain, */*] and supported [application/json, application/*+json]
2023-07-03T01:46:40.087+03:00 DEBUG 15951 --- [http-nio-3333-exec-8] o.s.w.s.m.m.a.HttpEntityMethodProcessor  : Writing [[ToDoDto(header=header 03cd7be2-bca2-4969-a117-2fbe902875c6, content=content 57bdad0a-80c8-4d01-981c (truncated)...]
2023-07-03T01:46:40.088+03:00 DEBUG 15951 --- [http-nio-3333-exec-8] o.s.web.servlet.DispatcherServlet        : Completed 200 OK
2023-07-03T01:46:51.361+03:00 DEBUG 15951 --- [http-nio-3333-exec-3] o.s.web.servlet.DispatcherServlet        : GET "/todo/api/v1/list", parameters={}
2023-07-03T01:46:51.361+03:00 DEBUG 15951 --- [http-nio-3333-exec-3] s.w.s.m.m.a.RequestMappingHandlerMapping : Mapped to TechCareerFYV.controller.api.impl.ToDoApiImpl#todoServiceList()
2023-07-03T01:46:51.372+03:00 DEBUG 15951 --- [http-nio-3333-exec-3] o.s.w.s.m.m.a.HttpEntityMethodProcessor  : Using 'application/json', given [application/json, text/plain, */*] and supported [application/json, application/*+json]
2023-07-03T01:46:51.373+03:00 DEBUG 15951 --- [http-nio-3333-exec-3] o.s.w.s.m.m.a.HttpEntityMethodProcessor  : Writing [[ToDoDto(header=header 03cd7be2-bca2-4969-a117-2fbe902875c6, content=content 57bdad0a-80c8-4d01-981c (truncated)...]
2023-07-03T01:46:51.374+03:00 DEBUG 15951 --- [http-nio-3333-exec-3] o.s.web.servlet.DispatcherServlet        : Completed 200 OK
2023-07-03T01:47:14.487+03:00 DEBUG 15951 --- [http-nio-3333-exec-4] o.s.web.servlet.DispatcherServlet        : GET "/todo/api/v1/list", parameters={}
2023-07-03T01:47:14.492+03:00 DEBUG 15951 --- [http-nio-3333-exec-4] s.w.s.m.m.a.RequestMappingHandlerMapping : Mapped to TechCareerFYV.controller.api.impl.ToDoApiImpl#todoServiceList()
2023-07-03T01:47:14.501+03:00 DEBUG 15951 --- [http-nio-3333-exec-4] o.s.w.s.m.m.a.HttpEntityMethodProcessor  : Using 'application/json', given [application/json, text/plain, */*] and supported [application/json, application/*+json]
2023-07-03T01:47:14.502+03:00 DEBUG 15951 --- [http-nio-3333-exec-4] o.s.w.s.m.m.a.HttpEntityMethodProcessor  : Writing [[ToDoDto(header=header 03cd7be2-bca2-4969-a117-2fbe902875c6, content=content 57bdad0a-80c8-4d01-981c (truncated)...]
2023-07-03T01:47:14.503+03:00 DEBUG 15951 --- [http-nio-3333-exec-4] o.s.web.servlet.DispatcherServlet        : Completed 200 OK
2023-07-03T01:51:04.503+03:00 DEBUG 15951 --- [http-nio-3333-exec-6] o.s.web.servlet.DispatcherServlet        : GET "/todo/api/v1/list", parameters={}
2023-07-03T01:51:04.509+03:00 DEBUG 15951 --- [http-nio-3333-exec-6] s.w.s.m.m.a.RequestMappingHandlerMapping : Mapped to TechCareerFYV.controller.api.impl.ToDoApiImpl#todoServiceList()
2023-07-03T01:51:04.548+03:00 DEBUG 15951 --- [http-nio-3333-exec-6] o.s.w.s.m.m.a.HttpEntityMethodProcessor  : Using 'application/json', given [application/json, text/plain, */*] and supported [application/json, application/*+json]
2023-07-03T01:51:04.550+03:00 DEBUG 15951 --- [http-nio-3333-exec-6] o.s.w.s.m.m.a.HttpEntityMethodProcessor  : Writing [[ToDoDto(header=header 03cd7be2-bca2-4969-a117-2fbe902875c6, content=content 57bdad0a-80c8-4d01-981c (truncated)...]
2023-07-03T01:51:04.554+03:00 DEBUG 15951 --- [http-nio-3333-exec-6] o.s.web.servlet.DispatcherServlet        : Completed 200 OK
2023-07-03T01:54:19.361+03:00 DEBUG 15951 --- [http-nio-3333-exec-10] o.s.web.servlet.DispatcherServlet        : GET "/todo/api/v1/list", parameters={}
2023-07-03T01:54:19.367+03:00 DEBUG 15951 --- [http-nio-3333-exec-10] s.w.s.m.m.a.RequestMappingHandlerMapping : Mapped to TechCareerFYV.controller.api.impl.ToDoApiImpl#todoServiceList()
2023-07-03T01:54:19.431+03:00 DEBUG 15951 --- [http-nio-3333-exec-10] o.s.w.s.m.m.a.HttpEntityMethodProcessor  : Using 'application/json', given [application/json, text/plain, */*] and supported [application/json, application/*+json]
2023-07-03T01:54:19.433+03:00 DEBUG 15951 --- [http-nio-3333-exec-10] o.s.w.s.m.m.a.HttpEntityMethodProcessor  : Writing [[ToDoDto(header=header 03cd7be2-bca2-4969-a117-2fbe902875c6, content=content 57bdad0a-80c8-4d01-981c (truncated)...]
2023-07-03T01:54:19.437+03:00 DEBUG 15951 --- [http-nio-3333-exec-10] o.s.web.servlet.DispatcherServlet        : Completed 200 OK
2023-07-03T01:54:49.414+03:00 DEBUG 15951 --- [http-nio-3333-exec-7] o.s.web.servlet.DispatcherServlet        : GET "/todo/api/v1/list", parameters={}
2023-07-03T01:54:49.415+03:00 DEBUG 15951 --- [http-nio-3333-exec-7] s.w.s.m.m.a.RequestMappingHandlerMapping : Mapped to TechCareerFYV.controller.api.impl.ToDoApiImpl#todoServiceList()
2023-07-03T01:54:49.431+03:00 DEBUG 15951 --- [http-nio-3333-exec-7] o.s.w.s.m.m.a.HttpEntityMethodProcessor  : Using 'application/json', given [application/json, text/plain, */*] and supported [application/json, application/*+json]
2023-07-03T01:54:49.433+03:00 DEBUG 15951 --- [http-nio-3333-exec-7] o.s.w.s.m.m.a.HttpEntityMethodProcessor  : Writing [[ToDoDto(header=header 03cd7be2-bca2-4969-a117-2fbe902875c6, content=content 57bdad0a-80c8-4d01-981c (truncated)...]
2023-07-03T01:54:49.440+03:00 DEBUG 15951 --- [http-nio-3333-exec-7] o.s.web.servlet.DispatcherServlet        : Completed 200 OK
2023-07-03T01:57:40.517+03:00 DEBUG 15951 --- [http-nio-3333-exec-2] o.s.web.servlet.DispatcherServlet        : GET "/todo/api/v1/list", parameters={}
2023-07-03T01:57:40.523+03:00 DEBUG 15951 --- [http-nio-3333-exec-2] s.w.s.m.m.a.RequestMappingHandlerMapping : Mapped to TechCareerFYV.controller.api.impl.ToDoApiImpl#todoServiceList()
2023-07-03T01:57:40.560+03:00 DEBUG 15951 --- [http-nio-3333-exec-2] o.s.w.s.m.m.a.HttpEntityMethodProcessor  : Using 'application/json', given [application/json, text/plain, */*] and supported [application/json, application/*+json]
2023-07-03T01:57:40.561+03:00 DEBUG 15951 --- [http-nio-3333-exec-2] o.s.w.s.m.m.a.HttpEntityMethodProcessor  : Writing [[ToDoDto(header=header 03cd7be2-bca2-4969-a117-2fbe902875c6, content=content 57bdad0a-80c8-4d01-981c (truncated)...]
2023-07-03T01:57:40.567+03:00 DEBUG 15951 --- [http-nio-3333-exec-2] o.s.web.servlet.DispatcherServlet        : Completed 200 OK
2023-07-03T01:57:51.421+03:00 DEBUG 15951 --- [http-nio-3333-exec-5] o.s.web.servlet.DispatcherServlet        : GET "/todo/api/v1/list", parameters={}
2023-07-03T01:57:51.422+03:00 DEBUG 15951 --- [http-nio-3333-exec-5] s.w.s.m.m.a.RequestMappingHandlerMapping : Mapped to TechCareerFYV.controller.api.impl.ToDoApiImpl#todoServiceList()
2023-07-03T01:57:51.434+03:00 DEBUG 15951 --- [http-nio-3333-exec-5] o.s.w.s.m.m.a.HttpEntityMethodProcessor  : Using 'application/json', given [application/json, text/plain, */*] and supported [application/json, application/*+json]
2023-07-03T01:57:51.434+03:00 DEBUG 15951 --- [http-nio-3333-exec-5] o.s.w.s.m.m.a.HttpEntityMethodProcessor  : Writing [[ToDoDto(header=header 03cd7be2-bca2-4969-a117-2fbe902875c6, content=content 57bdad0a-80c8-4d01-981c (truncated)...]
2023-07-03T01:57:51.435+03:00 DEBUG 15951 --- [http-nio-3333-exec-5] o.s.web.servlet.DispatcherServlet        : Completed 200 OK
2023-07-03T01:59:08.545+03:00 DEBUG 15951 --- [http-nio-3333-exec-9] o.s.web.servlet.DispatcherServlet        : GET "/todo/api/v1/list", parameters={}
2023-07-03T01:59:08.553+03:00 DEBUG 15951 --- [http-nio-3333-exec-9] s.w.s.m.m.a.RequestMappingHandlerMapping : Mapped to TechCareerFYV.controller.api.impl.ToDoApiImpl#todoServiceList()
2023-07-03T01:59:08.570+03:00 DEBUG 15951 --- [http-nio-3333-exec-9] o.s.w.s.m.m.a.HttpEntityMethodProcessor  : Using 'application/json', given [application/json, text/plain, */*] and supported [application/json, application/*+json]
2023-07-03T01:59:08.570+03:00 DEBUG 15951 --- [http-nio-3333-exec-9] o.s.w.s.m.m.a.HttpEntityMethodProcessor  : Writing [[ToDoDto(header=header 03cd7be2-bca2-4969-a117-2fbe902875c6, content=content 57bdad0a-80c8-4d01-981c (truncated)...]
2023-07-03T01:59:08.571+03:00 DEBUG 15951 --- [http-nio-3333-exec-9] o.s.web.servlet.DispatcherServlet        : Completed 200 OK
2023-07-03T01:59:15.765+03:00 DEBUG 15951 --- [http-nio-3333-exec-1] o.s.web.servlet.DispatcherServlet        : GET "/todo/api/v1/list", parameters={}
2023-07-03T01:59:15.771+03:00 DEBUG 15951 --- [http-nio-3333-exec-1] s.w.s.m.m.a.RequestMappingHandlerMapping : Mapped to TechCareerFYV.controller.api.impl.ToDoApiImpl#todoServiceList()
2023-07-03T01:59:15.830+03:00 DEBUG 15951 --- [http-nio-3333-exec-1] o.s.w.s.m.m.a.HttpEntityMethodProcessor  : Using 'application/json', given [application/json, text/plain, */*] and supported [application/json, application/*+json]
2023-07-03T01:59:15.831+03:00 DEBUG 15951 --- [http-nio-3333-exec-1] o.s.w.s.m.m.a.HttpEntityMethodProcessor  : Writing [[ToDoDto(header=header 03cd7be2-bca2-4969-a117-2fbe902875c6, content=content 57bdad0a-80c8-4d01-981c (truncated)...]
2023-07-03T01:59:15.839+03:00 DEBUG 15951 --- [http-nio-3333-exec-1] o.s.web.servlet.DispatcherServlet        : Completed 200 OK
2023-07-03T02:00:30.468+03:00 DEBUG 15951 --- [http-nio-3333-exec-8] o.s.web.servlet.DispatcherServlet        : GET "/todo/api/v1/list", parameters={}
2023-07-03T02:00:30.473+03:00 DEBUG 15951 --- [http-nio-3333-exec-8] s.w.s.m.m.a.RequestMappingHandlerMapping : Mapped to TechCareerFYV.controller.api.impl.ToDoApiImpl#todoServiceList()
2023-07-03T02:00:30.517+03:00 DEBUG 15951 --- [http-nio-3333-exec-8] o.s.w.s.m.m.a.HttpEntityMethodProcessor  : Using 'application/json', given [application/json, text/plain, */*] and supported [application/json, application/*+json]
2023-07-03T02:00:30.518+03:00 DEBUG 15951 --- [http-nio-3333-exec-8] o.s.w.s.m.m.a.HttpEntityMethodProcessor  : Writing [[ToDoDto(header=header 03cd7be2-bca2-4969-a117-2fbe902875c6, content=content 57bdad0a-80c8-4d01-981c (truncated)...]
2023-07-03T02:00:30.523+03:00 DEBUG 15951 --- [http-nio-3333-exec-8] o.s.web.servlet.DispatcherServlet        : Completed 200 OK
2023-07-03T02:00:55.214+03:00 DEBUG 15951 --- [http-nio-3333-exec-3] o.s.web.servlet.DispatcherServlet        : GET "/todo/api/v1/list", parameters={}
2023-07-03T02:00:55.214+03:00 DEBUG 15951 --- [http-nio-3333-exec-3] s.w.s.m.m.a.RequestMappingHandlerMapping : Mapped to TechCareerFYV.controller.api.impl.ToDoApiImpl#todoServiceList()
2023-07-03T02:00:55.222+03:00 DEBUG 15951 --- [http-nio-3333-exec-3] o.s.w.s.m.m.a.HttpEntityMethodProcessor  : Using 'application/json', given [application/json, text/plain, */*] and supported [application/json, application/*+json]
2023-07-03T02:00:55.222+03:00 DEBUG 15951 --- [http-nio-3333-exec-3] o.s.w.s.m.m.a.HttpEntityMethodProcessor  : Writing [[ToDoDto(header=header 03cd7be2-bca2-4969-a117-2fbe902875c6, content=content 57bdad0a-80c8-4d01-981c (truncated)...]
2023-07-03T02:00:55.225+03:00 DEBUG 15951 --- [http-nio-3333-exec-3] o.s.web.servlet.DispatcherServlet        : Completed 200 OK
2023-07-03T02:12:24.120+03:00 DEBUG 15951 --- [http-nio-3333-exec-4] o.s.web.servlet.DispatcherServlet        : GET "/todo/api/v1/list", parameters={}
2023-07-03T02:12:24.129+03:00 DEBUG 15951 --- [http-nio-3333-exec-4] s.w.s.m.m.a.RequestMappingHandlerMapping : Mapped to TechCareerFYV.controller.api.impl.ToDoApiImpl#todoServiceList()
2023-07-03T02:12:24.177+03:00 DEBUG 15951 --- [http-nio-3333-exec-4] o.s.w.s.m.m.a.HttpEntityMethodProcessor  : Using 'application/json', given [application/json, text/plain, */*] and supported [application/json, application/*+json]
2023-07-03T02:12:24.178+03:00 DEBUG 15951 --- [http-nio-3333-exec-4] o.s.w.s.m.m.a.HttpEntityMethodProcessor  : Writing [[ToDoDto(header=header 03cd7be2-bca2-4969-a117-2fbe902875c6, content=content 57bdad0a-80c8-4d01-981c (truncated)...]
2023-07-03T02:12:24.187+03:00 DEBUG 15951 --- [http-nio-3333-exec-4] o.s.web.servlet.DispatcherServlet        : Completed 200 OK
2023-07-03T02:12:43.453+03:00 DEBUG 15951 --- [http-nio-3333-exec-6] o.s.web.servlet.DispatcherServlet        : GET "/todo/api/v1/list", parameters={}
2023-07-03T02:12:43.454+03:00 DEBUG 15951 --- [http-nio-3333-exec-6] s.w.s.m.m.a.RequestMappingHandlerMapping : Mapped to TechCareerFYV.controller.api.impl.ToDoApiImpl#todoServiceList()
2023-07-03T02:12:43.462+03:00 DEBUG 15951 --- [http-nio-3333-exec-6] o.s.w.s.m.m.a.HttpEntityMethodProcessor  : Using 'application/json', given [application/json, text/plain, */*] and supported [application/json, application/*+json]
2023-07-03T02:12:43.462+03:00 DEBUG 15951 --- [http-nio-3333-exec-6] o.s.w.s.m.m.a.HttpEntityMethodProcessor  : Writing [[ToDoDto(header=header 03cd7be2-bca2-4969-a117-2fbe902875c6, content=content 57bdad0a-80c8-4d01-981c (truncated)...]
2023-07-03T02:12:43.463+03:00 DEBUG 15951 --- [http-nio-3333-exec-6] o.s.web.servlet.DispatcherServlet        : Completed 200 OK
2023-07-03T02:13:06.329+03:00 DEBUG 15951 --- [http-nio-3333-exec-10] o.s.web.servlet.DispatcherServlet        : GET "/todo/api/v1/list", parameters={}
2023-07-03T02:13:06.331+03:00 DEBUG 15951 --- [http-nio-3333-exec-10] s.w.s.m.m.a.RequestMappingHandlerMapping : Mapped to TechCareerFYV.controller.api.impl.ToDoApiImpl#todoServiceList()
2023-07-03T02:13:06.342+03:00 DEBUG 15951 --- [http-nio-3333-exec-10] o.s.w.s.m.m.a.HttpEntityMethodProcessor  : Using 'application/json', given [application/json, text/plain, */*] and supported [application/json, application/*+json]
2023-07-03T02:13:06.342+03:00 DEBUG 15951 --- [http-nio-3333-exec-10] o.s.w.s.m.m.a.HttpEntityMethodProcessor  : Writing [[ToDoDto(header=header 03cd7be2-bca2-4969-a117-2fbe902875c6, content=content 57bdad0a-80c8-4d01-981c (truncated)...]
2023-07-03T02:13:06.345+03:00 DEBUG 15951 --- [http-nio-3333-exec-10] o.s.web.servlet.DispatcherServlet        : Completed 200 OK
2023-07-03T02:13:10.523+03:00 DEBUG 15951 --- [http-nio-3333-exec-7] o.s.web.servlet.DispatcherServlet        : GET "/todo/api/v1/list", parameters={}
2023-07-03T02:13:10.523+03:00 DEBUG 15951 --- [http-nio-3333-exec-7] s.w.s.m.m.a.RequestMappingHandlerMapping : Mapped to TechCareerFYV.controller.api.impl.ToDoApiImpl#todoServiceList()
2023-07-03T02:13:10.533+03:00 DEBUG 15951 --- [http-nio-3333-exec-7] o.s.w.s.m.m.a.HttpEntityMethodProcessor  : Using 'application/json', given [application/json, text/plain, */*] and supported [application/json, application/*+json]
2023-07-03T02:13:10.533+03:00 DEBUG 15951 --- [http-nio-3333-exec-7] o.s.w.s.m.m.a.HttpEntityMethodProcessor  : Writing [[ToDoDto(header=header 03cd7be2-bca2-4969-a117-2fbe902875c6, content=content 57bdad0a-80c8-4d01-981c (truncated)...]
2023-07-03T02:13:10.535+03:00 DEBUG 15951 --- [http-nio-3333-exec-7] o.s.web.servlet.DispatcherServlet        : Completed 200 OK
2023-07-03T02:14:19.539+03:00 DEBUG 15951 --- [http-nio-3333-exec-2] o.s.web.servlet.DispatcherServlet        : GET "/todo/api/v1/list", parameters={}
2023-07-03T02:14:19.552+03:00 DEBUG 15951 --- [http-nio-3333-exec-2] s.w.s.m.m.a.RequestMappingHandlerMapping : Mapped to TechCareerFYV.controller.api.impl.ToDoApiImpl#todoServiceList()
2023-07-03T02:14:19.602+03:00 DEBUG 15951 --- [http-nio-3333-exec-2] o.s.w.s.m.m.a.HttpEntityMethodProcessor  : Using 'application/json', given [application/json, text/plain, */*] and supported [application/json, application/*+json]
2023-07-03T02:14:19.604+03:00 DEBUG 15951 --- [http-nio-3333-exec-2] o.s.w.s.m.m.a.HttpEntityMethodProcessor  : Writing [[ToDoDto(header=header 03cd7be2-bca2-4969-a117-2fbe902875c6, content=content 57bdad0a-80c8-4d01-981c (truncated)...]
2023-07-03T02:14:19.619+03:00 DEBUG 15951 --- [http-nio-3333-exec-2] o.s.web.servlet.DispatcherServlet        : Completed 200 OK
2023-07-03T02:14:25.569+03:00 DEBUG 15951 --- [http-nio-3333-exec-5] o.s.web.servlet.DispatcherServlet        : GET "/todo/api/v1/list", parameters={}
2023-07-03T02:14:25.571+03:00 DEBUG 15951 --- [http-nio-3333-exec-5] s.w.s.m.m.a.RequestMappingHandlerMapping : Mapped to TechCareerFYV.controller.api.impl.ToDoApiImpl#todoServiceList()
2023-07-03T02:14:25.580+03:00 DEBUG 15951 --- [http-nio-3333-exec-5] o.s.w.s.m.m.a.HttpEntityMethodProcessor  : Using 'application/json', given [application/json, text/plain, */*] and supported [application/json, application/*+json]
2023-07-03T02:14:25.581+03:00 DEBUG 15951 --- [http-nio-3333-exec-5] o.s.w.s.m.m.a.HttpEntityMethodProcessor  : Writing [[ToDoDto(header=header 03cd7be2-bca2-4969-a117-2fbe902875c6, content=content 57bdad0a-80c8-4d01-981c (truncated)...]
2023-07-03T02:14:25.582+03:00 DEBUG 15951 --- [http-nio-3333-exec-5] o.s.web.servlet.DispatcherServlet        : Completed 200 OK
2023-07-03T02:15:03.838+03:00 DEBUG 15951 --- [http-nio-3333-exec-9] o.s.web.servlet.DispatcherServlet        : GET "/todo/api/v1/list", parameters={}
2023-07-03T02:15:03.839+03:00 DEBUG 15951 --- [http-nio-3333-exec-9] s.w.s.m.m.a.RequestMappingHandlerMapping : Mapped to TechCareerFYV.controller.api.impl.ToDoApiImpl#todoServiceList()
2023-07-03T02:15:03.848+03:00 DEBUG 15951 --- [http-nio-3333-exec-9] o.s.w.s.m.m.a.HttpEntityMethodProcessor  : Using 'application/json', given [application/json, text/plain, */*] and supported [application/json, application/*+json]
2023-07-03T02:15:03.849+03:00 DEBUG 15951 --- [http-nio-3333-exec-9] o.s.w.s.m.m.a.HttpEntityMethodProcessor  : Writing [[ToDoDto(header=header 03cd7be2-bca2-4969-a117-2fbe902875c6, content=content 57bdad0a-80c8-4d01-981c (truncated)...]
2023-07-03T02:15:03.851+03:00 DEBUG 15951 --- [http-nio-3333-exec-9] o.s.web.servlet.DispatcherServlet        : Completed 200 OK
2023-07-03T02:16:41.865+03:00 DEBUG 15951 --- [http-nio-3333-exec-1] o.s.web.servlet.DispatcherServlet        : GET "/todo/api/v1/list", parameters={}
2023-07-03T02:16:41.879+03:00 DEBUG 15951 --- [http-nio-3333-exec-1] s.w.s.m.m.a.RequestMappingHandlerMapping : Mapped to TechCareerFYV.controller.api.impl.ToDoApiImpl#todoServiceList()
2023-07-03T02:16:41.927+03:00 DEBUG 15951 --- [http-nio-3333-exec-1] o.s.w.s.m.m.a.HttpEntityMethodProcessor  : Using 'application/json', given [application/json, text/plain, */*] and supported [application/json, application/*+json]
2023-07-03T02:16:41.928+03:00 DEBUG 15951 --- [http-nio-3333-exec-1] o.s.w.s.m.m.a.HttpEntityMethodProcessor  : Writing [[ToDoDto(header=header 03cd7be2-bca2-4969-a117-2fbe902875c6, content=content 57bdad0a-80c8-4d01-981c (truncated)...]
2023-07-03T02:16:41.933+03:00 DEBUG 15951 --- [http-nio-3333-exec-1] o.s.web.servlet.DispatcherServlet        : Completed 200 OK
2023-07-03T02:16:50.018+03:00 DEBUG 15951 --- [http-nio-3333-exec-8] o.s.web.servlet.DispatcherServlet        : GET "/todo/api/v1/list", parameters={}
2023-07-03T02:16:50.020+03:00 DEBUG 15951 --- [http-nio-3333-exec-8] s.w.s.m.m.a.RequestMappingHandlerMapping : Mapped to TechCareerFYV.controller.api.impl.ToDoApiImpl#todoServiceList()
2023-07-03T02:16:50.036+03:00 DEBUG 15951 --- [http-nio-3333-exec-8] o.s.w.s.m.m.a.HttpEntityMethodProcessor  : Using 'application/json', given [application/json, text/plain, */*] and supported [application/json, application/*+json]
2023-07-03T02:16:50.036+03:00 DEBUG 15951 --- [http-nio-3333-exec-8] o.s.w.s.m.m.a.HttpEntityMethodProcessor  : Writing [[ToDoDto(header=header 03cd7be2-bca2-4969-a117-2fbe902875c6, content=content 57bdad0a-80c8-4d01-981c (truncated)...]
2023-07-03T02:16:50.037+03:00 DEBUG 15951 --- [http-nio-3333-exec-8] o.s.web.servlet.DispatcherServlet        : Completed 200 OK
2023-07-03T02:17:06.757+03:00 DEBUG 15951 --- [http-nio-3333-exec-3] o.s.web.servlet.DispatcherServlet        : GET "/todo/api/v1/list", parameters={}
2023-07-03T02:17:06.757+03:00 DEBUG 15951 --- [http-nio-3333-exec-3] s.w.s.m.m.a.RequestMappingHandlerMapping : Mapped to TechCareerFYV.controller.api.impl.ToDoApiImpl#todoServiceList()
2023-07-03T02:17:06.768+03:00 DEBUG 15951 --- [http-nio-3333-exec-3] o.s.w.s.m.m.a.HttpEntityMethodProcessor  : Using 'application/json', given [application/json, text/plain, */*] and supported [application/json, application/*+json]
2023-07-03T02:17:06.769+03:00 DEBUG 15951 --- [http-nio-3333-exec-3] o.s.w.s.m.m.a.HttpEntityMethodProcessor  : Writing [[ToDoDto(header=header 03cd7be2-bca2-4969-a117-2fbe902875c6, content=content 57bdad0a-80c8-4d01-981c (truncated)...]
2023-07-03T02:17:06.769+03:00 DEBUG 15951 --- [http-nio-3333-exec-3] o.s.web.servlet.DispatcherServlet        : Completed 200 OK
2023-07-03T02:17:24.600+03:00 DEBUG 15951 --- [http-nio-3333-exec-4] o.s.web.servlet.DispatcherServlet        : GET "/todo/api/v1/list", parameters={}
2023-07-03T02:17:24.600+03:00 DEBUG 15951 --- [http-nio-3333-exec-4] s.w.s.m.m.a.RequestMappingHandlerMapping : Mapped to TechCareerFYV.controller.api.impl.ToDoApiImpl#todoServiceList()
2023-07-03T02:17:24.610+03:00 DEBUG 15951 --- [http-nio-3333-exec-4] o.s.w.s.m.m.a.HttpEntityMethodProcessor  : Using 'application/json', given [application/json, text/plain, */*] and supported [application/json, application/*+json]
2023-07-03T02:17:24.610+03:00 DEBUG 15951 --- [http-nio-3333-exec-4] o.s.w.s.m.m.a.HttpEntityMethodProcessor  : Writing [[ToDoDto(header=header 03cd7be2-bca2-4969-a117-2fbe902875c6, content=content 57bdad0a-80c8-4d01-981c (truncated)...]
2023-07-03T02:17:24.612+03:00 DEBUG 15951 --- [http-nio-3333-exec-4] o.s.web.servlet.DispatcherServlet        : Completed 200 OK
2023-07-03T02:21:04.458+03:00 DEBUG 15951 --- [http-nio-3333-exec-6] o.s.web.servlet.DispatcherServlet        : GET "/todo/api/v1/list", parameters={}
2023-07-03T02:21:04.461+03:00 DEBUG 15951 --- [http-nio-3333-exec-6] s.w.s.m.m.a.RequestMappingHandlerMapping : Mapped to TechCareerFYV.controller.api.impl.ToDoApiImpl#todoServiceList()
2023-07-03T02:21:04.497+03:00 DEBUG 15951 --- [http-nio-3333-exec-6] o.s.w.s.m.m.a.HttpEntityMethodProcessor  : Using 'application/json', given [application/json, text/plain, */*] and supported [application/json, application/*+json]
2023-07-03T02:21:04.497+03:00 DEBUG 15951 --- [http-nio-3333-exec-6] o.s.w.s.m.m.a.HttpEntityMethodProcessor  : Writing [[ToDoDto(header=header 03cd7be2-bca2-4969-a117-2fbe902875c6, content=content 57bdad0a-80c8-4d01-981c (truncated)...]
2023-07-03T02:21:04.503+03:00 DEBUG 15951 --- [http-nio-3333-exec-6] o.s.web.servlet.DispatcherServlet        : Completed 200 OK
2023-07-03T02:22:28.113+03:00 DEBUG 15951 --- [http-nio-3333-exec-10] o.s.web.servlet.DispatcherServlet        : GET "/todo/api/v1/list", parameters={}
2023-07-03T02:22:28.122+03:00 DEBUG 15951 --- [http-nio-3333-exec-10] s.w.s.m.m.a.RequestMappingHandlerMapping : Mapped to TechCareerFYV.controller.api.impl.ToDoApiImpl#todoServiceList()
2023-07-03T02:22:28.137+03:00 DEBUG 15951 --- [http-nio-3333-exec-10] o.s.w.s.m.m.a.HttpEntityMethodProcessor  : Using 'application/json', given [application/json, text/plain, */*] and supported [application/json, application/*+json]
2023-07-03T02:22:28.137+03:00 DEBUG 15951 --- [http-nio-3333-exec-10] o.s.w.s.m.m.a.HttpEntityMethodProcessor  : Writing [[ToDoDto(header=header 03cd7be2-bca2-4969-a117-2fbe902875c6, content=content 57bdad0a-80c8-4d01-981c (truncated)...]
2023-07-03T02:22:28.138+03:00 DEBUG 15951 --- [http-nio-3333-exec-10] o.s.web.servlet.DispatcherServlet        : Completed 200 OK
